mysqlpump: [NOTE] (1449) The user specified as a definer ('spb'@'%') does not exist
mysqlpump: [NOTE] (1449) The user specified as a definer ('spb'@'%') does not exist
Dump progress: 1/2 tables, 0/32 rows
mysqlpump: [NOTE] (1449) The user specified as a definer ('spb'@'%') does not exist
mysqlpump: [ERROR] (1449) The user specified as a definer ('spb'@'%') does not exist
Dump process encountered error and will not continue.
mysqlpump: [NOTE] (1449) The user specified as a definer ('spb'@'%') does not exist
mysqlpump: [ERROR] (1018) Can't read dir of './lost+found/' (errno: 13 - Permission denied)
Dump process encountered error and will not continue.
mysqlpump: [ERROR] (1046) No database selected
Dump process encountered error and will not continue.
mysqlpump: [NOTE] (1449) The user specified as a definer ('spb'@'%') does not exist
mysqlpump: [NOTE] (1449) The user specified as a definer ('spb'@'%') does not exist
mysqlpump: [ERROR] (1018) Can't read dir of './lost+found/' (errno: 13 - Permission denied)
Dump process encountered error and will not continue.
mysqlpump: [NOTE] (1449) The user specified as a definer ('spb'@'%') does not exist
mysqlpump: [NOTE] (1449) The user specified as a definer ('spb'@'%') does not exist
Dump progress: 1/7 tables, 0/131 rows
mysqlpump: [NOTE] (1449) The user specified as a definer ('spb'@'%') does not exist
mysqlpump: [ERROR] (1449) The user specified as a definer ('spb'@'%') does not exist
Dump process encountered error and will not continue.
mysqlpump: [NOTE] (1449) The user specified as a definer ('spb'@'%') does not exist
mysqlpump: [ERROR] (1018) Can't read dir of './lost+found/' (errno: 13 - Permission denied)
Dump process encountered error and will not continue.
mysqlpump: [ERROR] (1046) No database selected
Dump process encountered error and will not continue.
mysqlpump: [NOTE] (1449) The user specified as a definer ('spb'@'%') does not exist
mysqlpump: [NOTE] (1449) The user specified as a definer ('spb'@'%') does not exist
mysqlpump: [ERROR] (1018) Can't read dir of './lost+found/' (errno: 13 - Permission denied)
Dump process encountered error and will not continue.
mysqlpump: [NOTE] (1449) The user specified as a definer ('spb'@'%') does not exist
mysqlpump: [NOTE] (1449) The user specified as a definer ('spb'@'%') does not exist
Dump progress: 1/2 tables, 0/32 rows
Dump progress: 2/3 tables, 0/40 rows
mysqlpump: [NOTE] (1449) The user specified as a definer ('spb'@'%') does not exist
mysqlpump: [ERROR] (1449) The user specified as a definer ('spb'@'%') does not exist
Dump process encountered error and will not continue.
mysqlpump: [NOTE] (1449) The user specified as a definer ('spb'@'%') does not exist
mysqlpump: [ERROR] (1018) Can't read dir of './lost+found/' (errno: 13 - Permission denied)
Dump process encountered error and will not continue.
mysqlpump: [ERROR] (1046) No database selected
Dump process encountered error and will not continue.
mysqlpump: [NOTE] (1449) The user specified as a definer ('spb'@'%') does not exist
mysqlpump: [NOTE] (1449) The user specified as a definer ('spb'@'%') does not exist
mysqlpump: [ERROR] (1018) Can't read dir of './lost+found/' (errno: 13 - Permission denied)
Dump process encountered error and will not continue.
mysqlpump: [NOTE] (1449) The user specified as a definer ('spb'@'%') does not exist
mysqlpump: [NOTE] (1449) The user specified as a definer ('spb'@'%') does not exist
Dump progress: 1/4 tables, 0/44 rows
Dump progress: 2/5 tables, 0/44 rows
mysqlpump: [NOTE] (1449) The user specified as a definer ('spb'@'%') does not exist
mysqlpump: [ERROR] (1449) The user specified as a definer ('spb'@'%') does not exist
Dump process encountered error and will not continue.
mysqlpump: [NOTE] (1449) The user specified as a definer ('spb'@'%') does not exist
mysqlpump: [ERROR] (1018) Can't read dir of './lost+found/' (errno: 13 - Permission denied)
Dump process encountered error and will not continue.
mysqlpump: [ERROR] (1046) No database selected
Dump process encountered error and will not continue.
mysqlpump: [NOTE] (1449) The user specified as a definer ('spb'@'%') does not exist
mysqlpump: [NOTE] (1449) The user specified as a definer ('spb'@'%') does not exist
mysqlpump: [ERROR] (1018) Can't read dir of './lost+found/' (errno: 13 - Permission denied)
Dump process encountered error and will not continue.
